Build started 9/18/2018 11:35:55 AM.
     1>Project "C:\Resume 2018\Lucky resume\mod health\f0700\f0700\f0700.vcxproj" on node 2 (rebuild target(s)).
     1>_PrepareForClean:
         Deleting file "Debug\f0700.lastbuildstate".
       InitializeBuildStatus:
         Creating "Debug\f0700.unsuccessfulbuild" because "AlwaysCreate" was specified.
       ClCompile:
         C:\Program Files (x86)\Microsoft Visual Studio 10.0\VC\bin\CL.exe /c /ZI /nologo /W3 /WX- /Od /Oy- /D WIN32 /D _DEBUG /D _CONSOLE /D _UNICODE /D UNICODE /Gm /EHsc /RTC1 /MDd /GS /fp:precise /Zc:wchar_t /Zc:forScope /Yc"StdAfx.h" /Fp"Debug\f0700.pch" /Fo"Debug\\" /Fd"Debug\vc100.pdb" /Gd /TP /analyze- /errorReport:prompt stdafx.cpp
         stdafx.cpp
         C:\Program Files (x86)\Microsoft Visual Studio 10.0\VC\bin\CL.exe /c /ZI /nologo /W3 /WX- /Od /Oy- /D WIN32 /D _DEBUG /D _CONSOLE /D _UNICODE /D UNICODE /Gm /EHsc /RTC1 /MDd /GS /fp:precise /Zc:wchar_t /Zc:forScope /Yu"StdAfx.h" /Fp"Debug\f0700.pch" /Fo"Debug\\" /Fd"Debug\vc100.pdb" /Gd /TP /analyze- /errorReport:prompt f0700.cpp
         f0700.cpp
       ManifestResourceCompile:
         C:\Program Files (x86)\Microsoft SDKs\Windows\v7.0A\bin\rc.exe /nologo /fo"Debug\f0700.exe.embed.manifest.res" Debug\f0700_manifest.rc 
       Link:
         C:\Program Files (x86)\Microsoft Visual Studio 10.0\VC\bin\link.exe /ERRORREPORT:PROMPT /OUT:"C:\Resume 2018\Lucky resume\mod health\f0700\Debug\f0700.exe" /INCREMENTAL /NOLOGO kernel32.lib user32.lib gdi32.lib winspool.lib comdlg32.lib advapi32.lib shell32.lib ole32.lib oleaut32.lib uuid.lib odbc32.lib odbccp32.lib /MANIFEST /ManifestFile:"Debug\f0700.exe.intermediate.manifest" /MANIFESTUAC:"level='asInvoker' uiAccess='false'" /DEBUG /PDB:"C:\Resume 2018\Lucky resume\mod health\f0700\Debug\f0700.pdb" /SUBSYSTEM:CONSOLE /TLBID:1 /DYNAMICBASE /NXCOMPAT /IMPLIB:"C:\Resume 2018\Lucky resume\mod health\f0700\Debug\f0700.lib" /MACHINE:X86 Debug\f0700.exe.embed.manifest.res
         Debug\f0700.obj
         Debug\stdafx.obj
       Manifest:
         Deleting file "Debug\f0700.exe.embed.manifest".
         C:\Program Files (x86)\Microsoft SDKs\Windows\v7.0A\bin\mt.exe /nologo /verbose /out:"Debug\f0700.exe.embed.manifest" /manifest Debug\f0700.exe.intermediate.manifest
         C:\Program Files (x86)\Microsoft SDKs\Windows\v7.0A\bin\rc.exe /nologo /fo"Debug\f0700.exe.embed.manifest.res" Debug\f0700_manifest.rc 
       LinkEmbedManifest:
         C:\Program Files (x86)\Microsoft Visual Studio 10.0\VC\bin\link.exe /ERRORREPORT:PROMPT /OUT:"C:\Resume 2018\Lucky resume\mod health\f0700\Debug\f0700.exe" /INCREMENTAL /NOLOGO kernel32.lib user32.lib gdi32.lib winspool.lib comdlg32.lib advapi32.lib shell32.lib ole32.lib oleaut32.lib uuid.lib odbc32.lib odbccp32.lib /MANIFEST /ManifestFile:"Debug\f0700.exe.intermediate.manifest" /MANIFESTUAC:"level='asInvoker' uiAccess='false'" /DEBUG /PDB:"C:\Resume 2018\Lucky resume\mod health\f0700\Debug\f0700.pdb" /SUBSYSTEM:CONSOLE /TLBID:1 /DYNAMICBASE /NXCOMPAT /IMPLIB:"C:\Resume 2018\Lucky resume\mod health\f0700\Debug\f0700.lib" /MACHINE:X86 Debug\f0700.exe.embed.manifest.res
         Debug\f0700.obj
         Debug\stdafx.obj
         f0700.vcxproj -> C:\Resume 2018\Lucky resume\mod health\f0700\Debug\f0700.exe
       FinalizeBuildStatus:
         Deleting file "Debug\f0700.unsuccessfulbuild".
         Touching "Debug\f0700.lastbuildstate".
     1>Done Building Project "C:\Resume 2018\Lucky resume\mod health\f0700\f0700\f0700.vcxproj" (rebuild target(s)).

Build succeeded.

Time Elapsed 00:00:01.95
