C:\RESUME 2018\LUCKY RESUME\MOD HEALTH\F0700\DEBUG\F0700.EXE
C:\RESUME 2018\LUCKY RESUME\MOD HEALTH\F0700\DEBUG\F0700.ILK
C:\RESUME 2018\LUCKY RESUME\MOD HEALTH\F0700\DEBUG\F0700.PDB
C:\Resume 2018\Lucky resume\mod health\f0700\f0700\Debug\cl.command.1.tlog
C:\Resume 2018\Lucky resume\mod health\f0700\f0700\Debug\CL.read.1.tlog
C:\Resume 2018\Lucky resume\mod health\f0700\f0700\Debug\CL.write.1.tlog
C:\RESUME 2018\LUCKY RESUME\MOD HEALTH\F0700\F0700\DEBUG\F0700.EXE.EMBED.MANIFEST
C:\RESUME 2018\LUCKY RESUME\MOD HEALTH\F0700\F0700\DEBUG\F0700.EXE.EMBED.MANIFEST.RES
C:\RESUME 2018\LUCKY RESUME\MOD HEALTH\F0700\F0700\DEBUG\F0700.EXE.INTERMEDIATE.MANIFEST
C:\RESUME 2018\LUCKY RESUME\MOD HEALTH\F0700\F0700\DEBUG\F0700.OBJ
C:\RESUME 2018\LUCKY RESUME\MOD HEALTH\F0700\F0700\DEBUG\F0700.PCH
C:\Resume 2018\Lucky resume\mod health\f0700\f0700\Debug\f0700.write.1.tlog
C:\Resume 2018\Lucky resume\mod health\f0700\f0700\Debug\f0700_manifest.rc
C:\Resume 2018\Lucky resume\mod health\f0700\f0700\Debug\link.520.read.1.tlog
C:\Resume 2018\Lucky resume\mod health\f0700\f0700\Debug\link.520.write.1.tlog
C:\Resume 2018\Lucky resume\mod health\f0700\f0700\Debug\link.520-cvtres.read.1.tlog
C:\Resume 2018\Lucky resume\mod health\f0700\f0700\Debug\link.520-cvtres.write.1.tlog
C:\Resume 2018\Lucky resume\mod health\f0700\f0700\Debug\link.command.1.tlog
C:\Resume 2018\Lucky resume\mod health\f0700\f0700\Debug\link.read.1.tlog
C:\Resume 2018\Lucky resume\mod health\f0700\f0700\Debug\link.write.1.tlog
C:\Resume 2018\Lucky resume\mod health\f0700\f0700\Debug\link-cvtres.read.1.tlog
C:\Resume 2018\Lucky resume\mod health\f0700\f0700\Debug\link-cvtres.write.1.tlog
C:\Resume 2018\Lucky resume\mod health\f0700\f0700\Debug\mt.command.1.tlog
C:\Resume 2018\Lucky resume\mod health\f0700\f0700\Debug\mt.read.1.tlog
C:\Resume 2018\Lucky resume\mod health\f0700\f0700\Debug\mt.write.1.tlog
C:\Resume 2018\Lucky resume\mod health\f0700\f0700\Debug\rc.command.1.tlog
C:\Resume 2018\Lucky resume\mod health\f0700\f0700\Debug\rc.read.1.tlog
C:\Resume 2018\Lucky resume\mod health\f0700\f0700\Debug\rc.write.1.tlog
C:\RESUME 2018\LUCKY RESUME\MOD HEALTH\F0700\F0700\DEBUG\STDAFX.OBJ
C:\Resume 2018\Lucky resume\mod health\f0700\f0700\Debug\vc100.idb
C:\RESUME 2018\LUCKY RESUME\MOD HEALTH\F0700\F0700\DEBUG\VC100.PDB
